2020-Jul-14 07:24:30Cargando mapas...
2020-Jul-14 08:10:18Se ha creado el personaje fghfg desde IP=127.0.0.1
2020-Jul-14 08:14:43Cargando mapas...
2020-Jul-14 17:47:43Cargando mapas...
2020-Jul-14 17:48:13Cargando mapas...
2020-Jul-14 17:48:58Cargando mapas...
2020-Jul-14 17:49:24Cargando mapas...
2020-Jul-14 17:50:05Cargando mapas...
2020-Jul-14 17:51:03Cargando mapas...
2020-Jul-14 17:52:38Cargando mapas...
2020-Jul-14 17:56:55Cargando mapas...
2020-Jul-14 18:18:47Cargando mapas...
2020-Jul-15 04:30:56Cargando mapas...
2020-Jul-15 04:59:24Cargando mapas...
2020-Jul-15 05:12:13Cargando mapas...
2020-Jul-15 05:42:38Cargando mapas...
2020-Jul-15 05:44:04Cargando mapas...
2020-Jul-15 06:16:59Cargando mapas...
2020-Jul-15 06:24:30Cargando mapas...
2020-Jul-15 07:51:15Cargando mapas...
2020-Jul-15 08:02:01Cargando mapas...
2020-Jul-15 08:05:00Cargando mapas...
2020-Jul-15 08:06:08Cargando mapas...
2020-Jul-15 08:09:02Cargando mapas...
2020-Jul-15 08:11:01Cargando mapas...
2020-Jul-15 08:15:45Cargando mapas...
2020-Jul-15 08:19:59Cargando mapas...
2020-Jul-15 08:34:15Cargando mapas...
2020-Jul-15 08:36:26Cargando mapas...
2020-Jul-15 08:38:24Cargando mapas...
2020-Jul-15 08:57:51Cargando mapas...
2020-Jul-15 09:01:59Cargando mapas...
2020-Jul-15 09:24:04Cargando mapas...
2020-Jul-15 09:31:49Cargando mapas...
2020-Jul-15 09:32:44Cargando mapas...
2020-Jul-15 09:33:11Cargando mapas...
2020-Jul-15 09:34:49Cargando mapas...
2020-Jul-15 09:42:33Cargando mapas...
2020-Jul-15 09:54:55Cargando mapas...
2020-Jul-15 10:33:03Cargando mapas...
2020-Jul-15 10:34:40Cargando mapas...
2020-Jul-15 10:50:09Cargando mapas...
2020-Jul-15 11:28:08Cargando mapas...
2020-Jul-15 11:32:15Cargando mapas...
2020-Jul-15 11:52:47Cargando mapas...
2020-Jul-15 12:21:42Cargando mapas...
2020-Jul-15 12:33:39Cargando mapas...
2020-Jul-15 13:37:09Cargando mapas...
2020-Jul-15 13:38:24Cargando mapas...
2020-Jul-15 13:40:18Cargando mapas...
2020-Jul-15 13:44:49Cargando mapas...
2020-Jul-15 13:47:14Cargando mapas...
2020-Jul-15 13:47:54Cargando mapas...
2020-Jul-15 13:49:51Cargando mapas...
2020-Jul-15 13:51:41Cargando mapas...
2020-Jul-15 14:12:31Cargando mapas...
2020-Jul-15 14:14:18Cargando mapas...
2020-Jul-15 14:17:32Cargando mapas...
2020-Jul-15 14:28:36Cargando mapas...
2020-Jul-15 14:29:11Cargando mapas...
2020-Jul-15 14:31:58Cargando mapas...
2020-Jul-15 14:33:34Cargando mapas...
2020-Jul-15 14:39:14Cargando mapas...
2020-Jul-15 14:41:04Cargando mapas...
2020-Jul-15 14:43:30Cargando mapas...
2020-Jul-15 14:44:53Cargando mapas...
2020-Jul-15 14:53:21Cargando mapas...
2020-Jul-15 15:06:18Cargando mapas...
2020-Jul-15 15:07:26Cargando mapas...
2020-Jul-15 15:09:28Cargando mapas...
2020-Jul-15 15:30:19Cargando mapas...
2020-Jul-15 17:25:14Cargando mapas...
2020-Jul-15 17:31:08Cargando mapas...
2020-Jul-15 17:35:07Cargando mapas...
2020-Jul-15 17:35:46Cargando mapas...
2020-Jul-15 17:36:44Cargando mapas...
2020-Jul-15 17:37:10Cargando mapas...
2021-Dec-10 19:54:33Cargando mapas...
2021-Dec-10 22:09:46Cargando mapas...
2021-Dec-10 22:11:05Cargando mapas...
2021-Dec-10 22:13:37Cargando mapas...
2021-Dec-10 22:16:08Cargando mapas...
2021-Dec-10 22:18:43Cargando mapas...
2021-Dec-11 12:27:54Cargando mapas...
2021-Dec-11 12:30:09Cargando mapas...
2021-Dec-11 12:56:38Cargando mapas...
2021-Dec-11 13:07:53Cargando mapas...
2021-Dec-11 13:10:07Cargando mapas...
2021-Dec-11 13:59:50Cargando mapas...
2021-Dec-11 14:02:13Cargando mapas...
2021-Dec-11 15:12:54Cargando mapas...
2021-Dec-11 15:15:51Se ha creado el personaje thurs desde IP=127.0.0.1
2021-Dec-11 15:28:04Se ha creado el personaje euridice desde IP=127.0.0.1
2021-Dec-11 16:07:18Se ha creado el personaje euridice desde IP=127.0.0.1
2021-Dec-11 16:44:59Cargando mapas...
2021-Dec-11 16:50:18Se ha creado el personaje thurs desde IP=127.0.0.1
2021-Dec-11 16:51:31Cargando mapas...
2021-Dec-11 16:51:46Se ha creado el personaje pepe desde IP=127.0.0.1
2021-Dec-11 16:58:20Cargando mapas...
2021-Dec-11 17:05:38Cargando mapas...
2021-Dec-11 17:11:37Se ha creado el personaje pepa desde IP=127.0.0.1
2021-Dec-11 19:52:50Se ha creado el personaje pepi desde IP=127.0.0.1
2021-Dec-11 22:39:15Cargando mapas...
2021-Dec-11 22:42:53Cargando mapas...
2021-Dec-11 22:54:48Se ha creado el personaje radagast desde IP=127.0.0.1
2021-Dec-14 19:04:56Cargando mapas...
2021-Dec-14 19:17:30Cargando mapas...
2021-Dec-14 21:08:37Se ha creado el personaje Viuda Chang desde IP=127.0.0.1
2021-Dec-16 17:35:09Cargando mapas...
2021-Dec-23 15:59:31Cargando mapas...
2021-Dec-23 16:10:03Cargando mapas...
2021-Dec-23 16:19:44Cargando mapas...
2021-Dec-23 16:22:45Cargando mapas...
2021-Dec-23 16:23:02Se ha creado el personaje CVfovJ4FMWbv8ANcsBeeuhHipJDiqa1pLbP7Z1VSvyDC desde IP=127.0.0.1
2021-Dec-24 14:05:03Cargando mapas...
2021-Dec-24 14:06:02Se ha creado el personaje D3QrsVf6SvpCDh8teheBvYyET7TWJ8dgxkNbjP5ER7aP desde IP=127.0.0.1
2021-Dec-24 14:29:12Cargando mapas...
2021-Dec-24 14:30:01Se ha creado el personaje BoUoetYjLrZAM4GiYaQ3NcbAEaNBMtLcn2jn9hionfiG desde IP=127.0.0.1
2021-Dec-24 15:00:26Cargando mapas...
2021-Dec-24 15:01:28Se ha creado el personaje CVfovJ4FMWbv8ANcsBeeuhHipJDiqa1pLbP7Z1VSvyDC desde IP=127.0.0.1
2021-Dec-24 15:03:08Cargando mapas...
2021-Dec-24 15:03:24Se ha creado el personaje CVfovJ4FMWbv8ANcsBeeuhHipJDiqa1pLbP7Z1VSvyDC desde IP=127.0.0.1
2021-Dec-24 15:07:13Cargando mapas...
2021-Dec-24 15:07:57Se ha creado el personaje CVfovJ4FMWbv8ANcsBeeuhHipJDiqa1pLbP7Z1VSvyDC desde IP=127.0.0.1
2021-Dec-24 15:14:46Cargando mapas...
2021-Dec-24 15:17:23Se ha creado el personaje BoUoetYjLrZAM4GiYaQ3NcbAEaNBMtLcn2jn9hionfiG desde IP=127.0.0.1
2021-Dec-27 20:17:50Cargando mapas...
2021-Dec-29 13:45:20Cargando mapas...
2021-Dec-30 17:40:15Se ha creado el personaje D3QrsVf6SvpCDh8teheBvYyET7TWJ8dgxkNbjP5ER7aP desde IP=127.0.0.1
2022-Jan-10 21:14:16Cargando mapas...
2022-Jan-11 11:13:02Cargando mapas...
2022-Jan-11 11:38:57Cargando mapas...
2022-Jan-11 11:54:52Cargando mapas...
2022-Jan-11 11:56:37Cargando mapas...
2022-Jan-11 19:24:39Cargando mapas...
2022-Jan-11 19:26:42Cargando mapas...
2022-Jan-11 19:29:25Cargando mapas...
2022-Jan-11 19:32:36Cargando mapas...
2022-Jan-11 19:37:26Cargando mapas...
2022-Jan-11 19:39:58Cargando mapas...
2022-Jan-11 19:53:24Cargando mapas...
2022-Jan-11 19:59:51Cargando mapas...
2022-Jan-11 20:02:00Cargando mapas...
2022-Jan-11 20:05:20Cargando mapas...
2022-Jan-11 20:08:39Cargando mapas...
2022-Jan-11 20:11:00Cargando mapas...
2022-Jan-11 20:15:40Cargando mapas...
2022-Jan-11 20:44:10Cargando mapas...
2022-Jan-11 20:51:21Cargando mapas...
2022-Jan-11 20:51:29Se ha creado el personaje CVfovJ4FMWbv8ANcsBeeuhHipJDiqa1pLbP7Z1VSvyDC desde IP=127.0.0.1
2022-Jan-11 20:53:12Se ha creado el personaje D3QrsVf6SvpCDh8teheBvYyET7TWJ8dgxkNbjP5ER7aP desde IP=127.0.0.1
2022-Jan-11 20:54:30Se ha creado el personaje BoUoetYjLrZAM4GiYaQ3NcbAEaNBMtLcn2jn9hionfiG desde IP=127.0.0.1
2022-Jan-11 20:55:22Se ha creado el personaje BQaCczFzdeJZYGYfZ5ec2nhkhBkx2gmmo1g34HMwR2Rf desde IP=127.0.0.1
2022-Jan-11 21:02:36Cargando mapas...
